06/17/2020 04:09:07 PM INFO Element should be found and clicked in = 1ms
06/17/2020 04:09:07 PM INFO Text Data should be entered in the field - GouravGakkhar7576
06/17/2020 04:09:07 PM INFO Text Data should be entered in the field - gourav7576
06/17/2020 04:09:09 PM INFO Element should be found and clicked in = 2ms
06/17/2020 04:09:09 PM INFO Element should be found and clicked in = 1ms
06/17/2020 04:09:14 PM INFO Element should be found and clicked in = 1ms
06/17/2020 04:09:14 PM ERROR Element should be displayed on the page - PytestAnnoationsFramework
06/17/2020 04:09:14 PM INFO Element should be found and clicked in = 1ms
06/17/2020 04:09:19 PM INFO Element should be found and clicked in = 1ms
06/17/2020 06:27:23 PM INFO Element should be found and clicked in = 7ms
06/17/2020 06:27:24 PM INFO Text Data should be entered in the field - GouravGakkhar7576
06/17/2020 06:27:24 PM INFO Text Data should be entered in the field - gourav7576
06/17/2020 06:27:27 PM INFO Element should be found and clicked in = 2ms
06/17/2020 06:27:27 PM INFO Element should be found and clicked in = 0ms
06/17/2020 06:27:32 PM INFO Element should be found and clicked in = 2ms
06/17/2020 06:27:32 PM ERROR Element should be displayed on the page - PytestAnnoationsFramework
06/17/2020 06:27:32 PM INFO Element should be found and clicked in = 0ms
06/17/2020 06:27:37 PM INFO Element should be found and clicked in = 1ms
06/17/2020 06:33:35 PM INFO Element should be found and clicked in = 4ms
06/17/2020 06:33:35 PM INFO Text Data should be entered in the field - GouravGakkhar7576
06/17/2020 06:33:36 PM INFO Text Data should be entered in the field - gourav7576
06/17/2020 06:33:38 PM INFO Element should be found and clicked in = 2ms
06/17/2020 06:33:39 PM INFO Element should be found and clicked in = 1ms
06/17/2020 06:33:44 PM INFO Element should be found and clicked in = 2ms
06/17/2020 06:33:44 PM ERROR Element should be displayed on the page - PytestAnnoationsFramework
06/17/2020 06:33:45 PM INFO Element should be found and clicked in = 1ms
06/17/2020 06:33:49 PM INFO Element should be found and clicked in = 1ms
06/17/2020 06:45:21 PM INFO Element should be found and clicked in = 3ms
06/17/2020 06:45:22 PM INFO Text Data should be entered in the field - GouravGakkhar7576
06/17/2020 06:45:22 PM INFO Text Data should be entered in the field - gourav7576
06/17/2020 06:45:24 PM INFO Element should be found and clicked in = 2ms
06/17/2020 06:45:25 PM INFO Element should be found and clicked in = 0ms
06/17/2020 06:45:30 PM INFO Element should be found and clicked in = 2ms
06/17/2020 06:45:30 PM ERROR Element should be displayed on the page - PytestAnnoationsFramework
06/17/2020 06:45:30 PM INFO Element should be found and clicked in = 0ms
06/17/2020 06:45:34 PM INFO Element should be found and clicked in = 1ms
06/18/2020 11:03:21 AM INFO Element should be found and clicked in = 15ms
06/18/2020 11:03:22 AM INFO Text Data should be entered in the field - GouravGakkhar7576
06/18/2020 11:03:23 AM INFO Text Data should be entered in the field - gourav7576
06/18/2020 11:03:28 AM INFO Element should be found and clicked in = 5ms
06/18/2020 11:03:29 AM INFO Element should be found and clicked in = 1ms
06/18/2020 11:03:34 AM INFO Element should be found and clicked in = 2ms
06/18/2020 11:03:35 AM ERROR Element should be displayed on the page - PytestAnnoationsFramework
06/18/2020 11:03:36 AM INFO Element should be found and clicked in = 1ms
06/18/2020 11:03:40 AM INFO Element should be found and clicked in = 1ms
06/18/2020 11:11:39 AM ERROR Element should be displayed on the page - Forgot your password?
06/18/2020 11:12:06 AM INFO Text Data should be entered in the field - Admin
06/18/2020 11:12:25 AM ERROR Element should be displayed on the page - Forgot your password?
06/18/2020 11:12:51 AM INFO Text Data should be entered in the field - Admin
06/18/2020 11:17:02 AM ERROR Element should be displayed on the page - Forgot your password?
06/18/2020 11:17:28 AM INFO Text Data should be entered in the field - Admin
06/18/2020 11:18:09 AM INFO Text Data should be entered in the field - admin123
06/18/2020 11:18:09 AM INFO Element should be found and clicked in = 1ms
